Completed 1/39 route/viewport checks
Completed 2/39 route/viewport checks
Completed 3/39 route/viewport checks
Completed 4/39 route/viewport checks
Completed 5/39 route/viewport checks
Completed 6/39 route/viewport checks
Completed 7/39 route/viewport checks
Completed 8/39 route/viewport checks
Completed 9/39 route/viewport checks
Completed 10/39 route/viewport checks
Completed 11/39 route/viewport checks
Completed 12/39 route/viewport checks
Completed 13/39 route/viewport checks
Completed 14/39 route/viewport checks
Completed 15/39 route/viewport checks
Completed 16/39 route/viewport checks
Completed 17/39 route/viewport checks
Completed 18/39 route/viewport checks
Completed 19/39 route/viewport checks
Completed 20/39 route/viewport checks
Completed 21/39 route/viewport checks
Completed 22/39 route/viewport checks
Completed 23/39 route/viewport checks
Completed 24/39 route/viewport checks
Completed 25/39 route/viewport checks
Completed 26/39 route/viewport checks
Completed 27/39 route/viewport checks
Completed 28/39 route/viewport checks
Completed 29/39 route/viewport checks
Completed 30/39 route/viewport checks
Completed 31/39 route/viewport checks
Completed 32/39 route/viewport checks
Completed 33/39 route/viewport checks
Completed 34/39 route/viewport checks
Completed 35/39 route/viewport checks
Completed 36/39 route/viewport checks
Completed 37/39 route/viewport checks
Completed 38/39 route/viewport checks
Completed 39/39 route/viewport checks
Starting HMO scenario: initial_page
Completed HMO scenario: initial_page
Starting HMO scenario: no_apparent_licensing_trigger
Completed HMO scenario: no_apparent_licensing_trigger
Starting HMO scenario: potential_licensing_trigger_no_shared_house_offer
Completed HMO scenario: potential_licensing_trigger_no_shared_house_offer
Starting HMO scenario: shared_house_relevant_recommendation
Completed HMO scenario: shared_house_relevant_recommendation
